#! /mingw64/bin/vvp
:ivl_version "12.0 (devel)" "(s20150603-1148-gef01dd1e)";
:ivl_delay_selection "TYPICAL";
:vpi_time_precision + 0;
:vpi_module "C:\msys64\mingw64\lib\ivl\system.vpi";
:vpi_module "C:\msys64\mingw64\lib\ivl\vhdl_sys.vpi";
:vpi_module "C:\msys64\mingw64\lib\ivl\vhdl_textio.vpi";
:vpi_module "C:\msys64\mingw64\lib\ivl\v2005_math.vpi";
:vpi_module "C:\msys64\mingw64\lib\ivl\va_math.vpi";
S_0000021798c22830 .scope module, "XOR_XORNOT_AND_gates" "XOR_XORNOT_AND_gates" 2 1;
 .timescale 0 0;
    .port_info 0 /OUTPUT 1 "d";
    .port_info 1 /OUTPUT 1 "e";
    .port_info 2 /OUTPUT 1 "f";
    .port_info 3 /OUTPUT 1 "y";
    .port_info 4 /INPUT 1 "a";
    .port_info 5 /INPUT 1 "b";
    .port_info 6 /INPUT 1 "c";
o0000021798c56fd8 .functor BUFZ 1, C4<z>; HiZ drive
o0000021798c57008 .functor BUFZ 1, C4<z>; HiZ drive
L_0000021798c22ba0 .functor XOR 1, o0000021798c56fd8, o0000021798c57008, C4<0>, C4<0>;
o0000021798c57038 .functor BUFZ 1, C4<z>; HiZ drive
L_0000021798c23220 .functor XOR 1, o0000021798c57008, o0000021798c57038, C4<0>, C4<0>;
L_0000021798dae2c0 .functor NOT 1, o0000021798c56fd8, C4<0>, C4<0>, C4<0>;
L_0000021798dae330 .functor AND 1, o0000021798c56fd8, o0000021798c57008, o0000021798c57038, C4<1>;
v0000021798c22de0_0 .net "a", 0 0, o0000021798c56fd8;  0 drivers
v0000021798c229c0_0 .net "b", 0 0, o0000021798c57008;  0 drivers
v0000021798c22a60_0 .net "c", 0 0, o0000021798c57038;  0 drivers
v0000021798c22b00_0 .net "d", 0 0, L_0000021798c22ba0;  1 drivers
v0000021798dad8d0_0 .net "e", 0 0, L_0000021798c23220;  1 drivers
v0000021798dad970_0 .net "f", 0 0, L_0000021798dae2c0;  1 drivers
v0000021798dada10_0 .net "y", 0 0, L_0000021798dae330;  1 drivers
# The file index is used to find the file name in the following table.
:file_names 3;
    "N/A";
    "<interactive>";
    "VERILOG_CIRCUITS3.v";
